INFO:root:datainsightsapp module initialized...
INFO:root:Deepcopy of header_reference_dict made.
INFO:root:Initializing app...
INFO:root:DataInsightsApp init started. 
INFO:root:super init completed.
INFO:root:Account id = admin
WARNING:matplotlib.legend:No handles with labels found to put in legend.
DEBUG:matplotlib.font_manager:findfont: Matching :family=sans-serif:style=normal:variant=normal:weight=normal:stretch=normal:size=10.0 to DejaVu Sans ('c:\\users\\user\\documents\\python35\\lib\\site-packages\\matplotlib\\mpl-data\\fonts\\ttf\\DejaVuSans.ttf') with score of 0.050000
DEBUG:matplotlib.font_manager:findfont: Matching :family=sans-serif:style=normal:variant=normal:weight=normal:stretch=normal:size=12.0 to DejaVu Sans ('c:\\users\\user\\documents\\python35\\lib\\site-packages\\matplotlib\\mpl-data\\fonts\\ttf\\DejaVuSans.ttf') with score of 0.050000
INFO:root:app.mainloop() terminated.
INFO:root:datainsightsapp module initialized...
INFO:root:Deepcopy of header_reference_dict made.
INFO:root:Initializing app...
INFO:root:DataInsightsApp init started. 
INFO:root:super init completed.
INFO:root:Account id = admin
INFO:root:datainsightsapp module initialized...
INFO:root:Deepcopy of header_reference_dict made.
INFO:root:Initializing app...
INFO:root:DataInsightsApp init started. 
INFO:root:super init completed.
INFO:root:Account id = admin
INFO:root:datainsightsapp module initialized...
INFO:root:Deepcopy of header_reference_dict made.
INFO:root:Initializing app...
INFO:root:DataInsightsApp init started. 
INFO:root:super init completed.
INFO:root:Account id = admin
WARNING:matplotlib.legend:No handles with labels found to put in legend.
DEBUG:matplotlib.font_manager:findfont: Matching :family=sans-serif:style=normal:variant=normal:weight=normal:stretch=normal:size=10.0 to DejaVu Sans ('c:\\users\\user\\documents\\python35\\lib\\site-packages\\matplotlib\\mpl-data\\fonts\\ttf\\DejaVuSans.ttf') with score of 0.050000
DEBUG:matplotlib.font_manager:findfont: Matching :family=sans-serif:style=normal:variant=normal:weight=normal:stretch=normal:size=12.0 to DejaVu Sans ('c:\\users\\user\\documents\\python35\\lib\\site-packages\\matplotlib\\mpl-data\\fonts\\ttf\\DejaVuSans.ttf') with score of 0.050000
INFO:root:datainsightsapp module initialized...
INFO:root:Deepcopy of header_reference_dict made.
INFO:root:Initializing app...
INFO:root:DataInsightsApp init started. 
INFO:root:super init completed.
INFO:root:Account id = admin
WARNING:matplotlib.legend:No handles with labels found to put in legend.
DEBUG:matplotlib.font_manager:findfont: Matching :family=sans-serif:style=normal:variant=normal:weight=normal:stretch=normal:size=10.0 to DejaVu Sans ('c:\\users\\user\\documents\\python35\\lib\\site-packages\\matplotlib\\mpl-data\\fonts\\ttf\\DejaVuSans.ttf') with score of 0.050000
DEBUG:matplotlib.font_manager:findfont: Matching :family=sans-serif:style=normal:variant=normal:weight=normal:stretch=normal:size=12.0 to DejaVu Sans ('c:\\users\\user\\documents\\python35\\lib\\site-packages\\matplotlib\\mpl-data\\fonts\\ttf\\DejaVuSans.ttf') with score of 0.050000
INFO:root:datainsightsapp module initialized...
INFO:root:Deepcopy of header_reference_dict made.
INFO:root:Initializing app...
INFO:root:DataInsightsApp init started. 
INFO:root:super init completed.
INFO:root:Account id = admin
WARNING:matplotlib.legend:No handles with labels found to put in legend.
INFO:root:datainsightsapp module initialized...
INFO:root:Deepcopy of header_reference_dict made.
INFO:root:Initializing app...
INFO:root:DataInsightsApp init started. 
INFO:root:super init completed.
INFO:root:Account id = admin
WARNING:matplotlib.legend:No handles with labels found to put in legend.
DEBUG:matplotlib.font_manager:findfont: Matching :family=sans-serif:style=normal:variant=normal:weight=normal:stretch=normal:size=10.0 to DejaVu Sans ('c:\\users\\user\\documents\\python35\\lib\\site-packages\\matplotlib\\mpl-data\\fonts\\ttf\\DejaVuSans.ttf') with score of 0.050000
DEBUG:matplotlib.font_manager:findfont: Matching :family=sans-serif:style=normal:variant=normal:weight=normal:stretch=normal:size=12.0 to DejaVu Sans ('c:\\users\\user\\documents\\python35\\lib\\site-packages\\matplotlib\\mpl-data\\fonts\\ttf\\DejaVuSans.ttf') with score of 0.050000
INFO:root:app.mainloop() terminated.
INFO:root:datainsightsapp module initialized...
INFO:root:Deepcopy of header_reference_dict made.
INFO:root:Initializing app...
INFO:root:DataInsightsApp init started. 
INFO:root:super init completed.
INFO:root:Account id = admin
WARNING:matplotlib.legend:No handles with labels found to put in legend.
INFO:root:app.mainloop() terminated.
INFO:root:datainsightsapp module initialized...
INFO:root:Deepcopy of header_reference_dict made.
INFO:root:Initializing app...
INFO:root:DataInsightsApp init started. 
INFO:root:super init completed.
INFO:root:Account id = admin
WARNING:matplotlib.legend:No handles with labels found to put in legend.
INFO:root:app.mainloop() terminated.
INFO:root:datainsightsapp module initialized...
INFO:root:Deepcopy of header_reference_dict made.
INFO:root:Initializing app...
INFO:root:DataInsightsApp init started. 
INFO:root:super init completed.
INFO:root:Account id = admin
WARNING:matplotlib.legend:No handles with labels found to put in legend.
DEBUG:matplotlib.font_manager:findfont: Matching :family=sans-serif:style=normal:variant=normal:weight=normal:stretch=normal:size=8.0 to DejaVu Sans ('c:\\users\\user\\documents\\python35\\lib\\site-packages\\matplotlib\\mpl-data\\fonts\\ttf\\DejaVuSans.ttf') with score of 0.050000
DEBUG:matplotlib.font_manager:findfont: Matching :family=sans-serif:style=normal:variant=normal:weight=normal:stretch=normal:size=8.33 to DejaVu Sans ('c:\\users\\user\\documents\\python35\\lib\\site-packages\\matplotlib\\mpl-data\\fonts\\ttf\\DejaVuSans.ttf') with score of 0.050000
INFO:root:datainsightsapp module initialized...
INFO:root:Deepcopy of header_reference_dict made.
INFO:root:Initializing app...
INFO:root:DataInsightsApp init started. 
INFO:root:super init completed.
INFO:root:Account id = admin
INFO:root:datainsightsapp module initialized...
INFO:root:Deepcopy of header_reference_dict made.
INFO:root:Initializing app...
INFO:root:DataInsightsApp init started. 
INFO:root:super init completed.
INFO:root:Account id = admin
WARNING:matplotlib.legend:No handles with labels found to put in legend.
DEBUG:matplotlib.font_manager:findfont: Matching :family=sans-serif:style=normal:variant=normal:weight=normal:stretch=normal:size=10.0 to DejaVu Sans ('c:\\users\\user\\documents\\python35\\lib\\site-packages\\matplotlib\\mpl-data\\fonts\\ttf\\DejaVuSans.ttf') with score of 0.050000
DEBUG:matplotlib.font_manager:findfont: Matching :family=sans-serif:style=normal:variant=normal:weight=normal:stretch=normal:size=12.0 to DejaVu Sans ('c:\\users\\user\\documents\\python35\\lib\\site-packages\\matplotlib\\mpl-data\\fonts\\ttf\\DejaVuSans.ttf') with score of 0.050000
DEBUG:matplotlib.font_manager:findfont: Matching :family=sans-serif:style=normal:variant=normal:weight=normal:stretch=normal:size=8.0 to DejaVu Sans ('c:\\users\\user\\documents\\python35\\lib\\site-packages\\matplotlib\\mpl-data\\fonts\\ttf\\DejaVuSans.ttf') with score of 0.050000
DEBUG:matplotlib.font_manager:findfont: Matching :family=sans-serif:style=normal:variant=normal:weight=normal:stretch=normal:size=8.33 to DejaVu Sans ('c:\\users\\user\\documents\\python35\\lib\\site-packages\\matplotlib\\mpl-data\\fonts\\ttf\\DejaVuSans.ttf') with score of 0.050000
WARNING:matplotlib.legend:No handles with labels found to put in legend.
INFO:root:app.mainloop() terminated.
INFO:root:datainsightsapp module initialized...
INFO:root:Deepcopy of header_reference_dict made.
INFO:root:Initializing app...
INFO:root:DataInsightsApp init started. 
INFO:root:super init completed.
INFO:root:Account id = admin
WARNING:matplotlib.legend:No handles with labels found to put in legend.
INFO:root:app.mainloop() terminated.
INFO:root:datainsightsapp module initialized...
INFO:root:Deepcopy of header_reference_dict made.
INFO:root:Initializing app...
INFO:root:DataInsightsApp init started. 
INFO:root:super init completed.
INFO:root:Account id = admin
WARNING:matplotlib.legend:No handles with labels found to put in legend.
INFO:root:app.mainloop() terminated.
INFO:root:datainsightsapp module initialized...
INFO:root:Deepcopy of header_reference_dict made.
INFO:root:Initializing app...
INFO:root:DataInsightsApp init started. 
INFO:root:super init completed.
INFO:root:Account id = admin
WARNING:matplotlib.legend:No handles with labels found to put in legend.
INFO:root:app.mainloop() terminated.
INFO:root:datainsightsapp module initialized...
INFO:root:Deepcopy of header_reference_dict made.
INFO:root:Initializing app...
INFO:root:DataInsightsApp init started. 
INFO:root:super init completed.
INFO:root:Account id = admin
WARNING:matplotlib.legend:No handles with labels found to put in legend.
INFO:root:app.mainloop() terminated.
INFO:root:datainsightsapp module initialized...
INFO:root:Deepcopy of header_reference_dict made.
INFO:root:Initializing app...
INFO:root:DataInsightsApp init started. 
INFO:root:super init completed.
INFO:root:Account id = admin
WARNING:matplotlib.legend:No handles with labels found to put in legend.
INFO:root:app.mainloop() terminated.
INFO:root:datainsightsapp module initialized...
INFO:root:Deepcopy of header_reference_dict made.
INFO:root:Initializing app...
INFO:root:DataInsightsApp init started. 
INFO:root:super init completed.
INFO:root:Account id = admin
WARNING:matplotlib.legend:No handles with labels found to put in legend.
INFO:root:datainsightsapp module initialized...
INFO:root:Deepcopy of header_reference_dict made.
INFO:root:Initializing app...
INFO:root:DataInsightsApp init started. 
INFO:root:super init completed.
INFO:root:Account id = admin
WARNING:matplotlib.legend:No handles with labels found to put in legend.
DEBUG:matplotlib.font_manager:findfont: Matching :family=sans-serif:style=normal:variant=normal:weight=normal:stretch=normal:size=10.0 to DejaVu Sans ('c:\\users\\user\\documents\\python35\\lib\\site-packages\\matplotlib\\mpl-data\\fonts\\ttf\\DejaVuSans.ttf') with score of 0.050000
DEBUG:matplotlib.font_manager:findfont: Matching :family=sans-serif:style=normal:variant=normal:weight=normal:stretch=normal:size=12.0 to DejaVu Sans ('c:\\users\\user\\documents\\python35\\lib\\site-packages\\matplotlib\\mpl-data\\fonts\\ttf\\DejaVuSans.ttf') with score of 0.050000
INFO:root:datainsightsapp module initialized...
INFO:root:Deepcopy of header_reference_dict made.
INFO:root:Initializing app...
INFO:root:DataInsightsApp init started. 
INFO:root:super init completed.
INFO:root:Account id = admin
WARNING:matplotlib.legend:No handles with labels found to put in legend.
DEBUG:matplotlib.font_manager:findfont: Matching :family=sans-serif:style=normal:variant=normal:weight=normal:stretch=normal:size=10.0 to DejaVu Sans ('c:\\users\\user\\documents\\python35\\lib\\site-packages\\matplotlib\\mpl-data\\fonts\\ttf\\DejaVuSans.ttf') with score of 0.050000
DEBUG:matplotlib.font_manager:findfont: Matching :family=sans-serif:style=normal:variant=normal:weight=normal:stretch=normal:size=12.0 to DejaVu Sans ('c:\\users\\user\\documents\\python35\\lib\\site-packages\\matplotlib\\mpl-data\\fonts\\ttf\\DejaVuSans.ttf') with score of 0.050000
DEBUG:matplotlib.font_manager:findfont: Matching :family=sans-serif:style=normal:variant=normal:weight=normal:stretch=normal:size=8.0 to DejaVu Sans ('c:\\users\\user\\documents\\python35\\lib\\site-packages\\matplotlib\\mpl-data\\fonts\\ttf\\DejaVuSans.ttf') with score of 0.050000
DEBUG:matplotlib.font_manager:findfont: Matching :family=sans-serif:style=normal:variant=normal:weight=normal:stretch=normal:size=8.33 to DejaVu Sans ('c:\\users\\user\\documents\\python35\\lib\\site-packages\\matplotlib\\mpl-data\\fonts\\ttf\\DejaVuSans.ttf') with score of 0.050000
INFO:root:app.mainloop() terminated.
INFO:root:datainsightsapp module initialized...
INFO:root:Deepcopy of header_reference_dict made.
INFO:root:Initializing app...
INFO:root:DataInsightsApp init started. 
INFO:root:super init completed.
INFO:root:Account id = admin
WARNING:matplotlib.legend:No handles with labels found to put in legend.
INFO:root:app.mainloop() terminated.
INFO:root:datainsightsapp module initialized...
INFO:root:Deepcopy of header_reference_dict made.
INFO:root:Initializing app...
INFO:root:DataInsightsApp init started. 
INFO:root:super init completed.
INFO:root:Account id = admin
WARNING:matplotlib.legend:No handles with labels found to put in legend.
INFO:root:app.mainloop() terminated.
INFO:root:datainsightsapp module initialized...
INFO:root:Deepcopy of header_reference_dict made.
INFO:root:Initializing app...
INFO:root:DataInsightsApp init started. 
INFO:root:super init completed.
INFO:root:Account id = admin
WARNING:matplotlib.legend:No handles with labels found to put in legend.
INFO:root:app.mainloop() terminated.
INFO:root:datainsightsapp module initialized...
INFO:root:Deepcopy of header_reference_dict made.
INFO:root:Initializing app...
INFO:root:DataInsightsApp init started. 
INFO:root:super init completed.
INFO:root:Account id = admin
WARNING:matplotlib.legend:No handles with labels found to put in legend.
INFO:root:app.mainloop() terminated.
INFO:root:datainsightsapp module initialized...
INFO:root:Deepcopy of header_reference_dict made.
INFO:root:Initializing app...
INFO:root:DataInsightsApp init started. 
INFO:root:super init completed.
INFO:root:Account id = admin
WARNING:matplotlib.legend:No handles with labels found to put in legend.
INFO:root:app.mainloop() terminated.
INFO:root:datainsightsapp module initialized...
INFO:root:Deepcopy of header_reference_dict made.
INFO:root:Initializing app...
INFO:root:DataInsightsApp init started. 
INFO:root:super init completed.
INFO:root:Account id = admin
WARNING:matplotlib.legend:No handles with labels found to put in legend.
INFO:root:app.mainloop() terminated.
INFO:root:datainsightsapp module initialized...
INFO:root:Deepcopy of header_reference_dict made.
INFO:root:Initializing app...
INFO:root:DataInsightsApp init started. 
INFO:root:super init completed.
INFO:root:Account id = admin
WARNING:matplotlib.legend:No handles with labels found to put in legend.
INFO:root:app.mainloop() terminated.
INFO:root:datainsightsapp module initialized...
INFO:root:Deepcopy of header_reference_dict made.
INFO:root:Initializing app...
INFO:root:DataInsightsApp init started. 
INFO:root:super init completed.
INFO:root:Account id = admin
WARNING:matplotlib.legend:No handles with labels found to put in legend.
INFO:root:app.mainloop() terminated.
INFO:root:datainsightsapp module initialized...
INFO:root:Deepcopy of header_reference_dict made.
INFO:root:Initializing app...
INFO:root:DataInsightsApp init started. 
INFO:root:super init completed.
INFO:root:Account id = admin
WARNING:matplotlib.legend:No handles with labels found to put in legend.
INFO:root:app.mainloop() terminated.
INFO:root:datainsightsapp module initialized...
INFO:root:Deepcopy of header_reference_dict made.
INFO:root:Initializing app...
INFO:root:DataInsightsApp init started. 
INFO:root:super init completed.
INFO:root:Account id = admin
WARNING:matplotlib.legend:No handles with labels found to put in legend.
INFO:root:app.mainloop() terminated.
INFO:root:datainsightsapp module initialized...
INFO:root:Deepcopy of header_reference_dict made.
INFO:root:Initializing app...
INFO:root:DataInsightsApp init started. 
INFO:root:super init completed.
INFO:root:Account id = admin
WARNING:matplotlib.legend:No handles with labels found to put in legend.
INFO:root:app.mainloop() terminated.
INFO:root:datainsightsapp module initialized...
INFO:root:Deepcopy of header_reference_dict made.
INFO:root:Initializing app...
INFO:root:DataInsightsApp init started. 
INFO:root:super init completed.
INFO:root:Account id = admin
INFO:root:datainsightsapp module initialized...
INFO:root:Deepcopy of header_reference_dict made.
INFO:root:Initializing app...
INFO:root:DataInsightsApp init started. 
INFO:root:super init completed.
INFO:root:Account id = admin
INFO:root:datainsightsapp module initialized...
INFO:root:Deepcopy of header_reference_dict made.
INFO:root:Initializing app...
INFO:root:DataInsightsApp init started. 
INFO:root:super init completed.
INFO:root:Account id = admin
WARNING:matplotlib.legend:No handles with labels found to put in legend.
DEBUG:matplotlib.font_manager:findfont: Matching :family=sans-serif:style=normal:variant=normal:weight=normal:stretch=normal:size=10.0 to DejaVu Sans ('c:\\users\\user\\documents\\python35\\lib\\site-packages\\matplotlib\\mpl-data\\fonts\\ttf\\DejaVuSans.ttf') with score of 0.050000
DEBUG:matplotlib.font_manager:findfont: Matching :family=sans-serif:style=normal:variant=normal:weight=normal:stretch=normal:size=12.0 to DejaVu Sans ('c:\\users\\user\\documents\\python35\\lib\\site-packages\\matplotlib\\mpl-data\\fonts\\ttf\\DejaVuSans.ttf') with score of 0.050000
INFO:root:datainsightsapp module initialized...
INFO:root:Deepcopy of header_reference_dict made.
INFO:root:Initializing app...
INFO:root:DataInsightsApp init started. 
INFO:root:super init completed.
INFO:root:Account id = admin
INFO:root:datainsightsapp module initialized...
INFO:root:Deepcopy of header_reference_dict made.
INFO:root:Initializing app...
INFO:root:DataInsightsApp init started. 
INFO:root:super init completed.
INFO:root:Account id = admin
INFO:root:datainsightsapp module initialized...
INFO:root:Deepcopy of header_reference_dict made.
INFO:root:Initializing app...
INFO:root:DataInsightsApp init started. 
INFO:root:super init completed.
INFO:root:Account id = admin
INFO:root:datainsightsapp module initialized...
INFO:root:Deepcopy of header_reference_dict made.
INFO:root:Initializing app...
INFO:root:DataInsightsApp init started. 
INFO:root:super init completed.
INFO:root:Account id = admin
WARNING:matplotlib.legend:No handles with labels found to put in legend.
INFO:root:datainsightsapp module initialized...
INFO:root:Deepcopy of header_reference_dict made.
INFO:root:Initializing app...
INFO:root:DataInsightsApp init started. 
INFO:root:super init completed.
INFO:root:Account id = admin
WARNING:matplotlib.legend:No handles with labels found to put in legend.
DEBUG:matplotlib.font_manager:findfont: Matching :family=sans-serif:style=normal:variant=normal:weight=normal:stretch=normal:size=10.0 to DejaVu Sans ('c:\\users\\user\\documents\\python35\\lib\\site-packages\\matplotlib\\mpl-data\\fonts\\ttf\\DejaVuSans.ttf') with score of 0.050000
DEBUG:matplotlib.font_manager:findfont: Matching :family=sans-serif:style=normal:variant=normal:weight=normal:stretch=normal:size=12.0 to DejaVu Sans ('c:\\users\\user\\documents\\python35\\lib\\site-packages\\matplotlib\\mpl-data\\fonts\\ttf\\DejaVuSans.ttf') with score of 0.050000
INFO:root:app.mainloop() terminated.
INFO:root:datainsightsapp module initialized...
INFO:root:Deepcopy of header_reference_dict made.
INFO:root:Initializing app...
INFO:root:DataInsightsApp init started. 
INFO:root:super init completed.
INFO:root:Account id = admin
WARNING:matplotlib.legend:No handles with labels found to put in legend.
INFO:root:app.mainloop() terminated.
INFO:root:datainsightsapp module initialized...
INFO:root:Deepcopy of header_reference_dict made.
INFO:root:Initializing app...
INFO:root:DataInsightsApp init started. 
INFO:root:super init completed.
INFO:root:Account id = admin
WARNING:matplotlib.legend:No handles with labels found to put in legend.
INFO:root:app.mainloop() terminated.
INFO:root:datainsightsapp module initialized...
INFO:root:Deepcopy of header_reference_dict made.
INFO:root:Initializing app...
INFO:root:DataInsightsApp init started. 
INFO:root:super init completed.
INFO:root:Account id = admin
WARNING:matplotlib.legend:No handles with labels found to put in legend.
INFO:root:app.mainloop() terminated.
INFO:root:datainsightsapp module initialized...
INFO:root:Deepcopy of header_reference_dict made.
INFO:root:Initializing app...
INFO:root:DataInsightsApp init started. 
INFO:root:super init completed.
INFO:root:Account id = admin
WARNING:matplotlib.legend:No handles with labels found to put in legend.
INFO:root:app.mainloop() terminated.
INFO:root:datainsightsapp module initialized...
INFO:root:Deepcopy of header_reference_dict made.
INFO:root:Initializing app...
INFO:root:DataInsightsApp init started. 
INFO:root:super init completed.
INFO:root:Account id = admin
WARNING:matplotlib.legend:No handles with labels found to put in legend.
INFO:root:app.mainloop() terminated.
INFO:root:datainsightsapp module initialized...
INFO:root:Deepcopy of header_reference_dict made.
INFO:root:Initializing app...
INFO:root:DataInsightsApp init started. 
INFO:root:super init completed.
INFO:root:Account id = admin
WARNING:matplotlib.legend:No handles with labels found to put in legend.
INFO:root:app.mainloop() terminated.
INFO:root:datainsightsapp module initialized...
INFO:root:Deepcopy of header_reference_dict made.
INFO:root:Initializing app...
INFO:root:DataInsightsApp init started. 
INFO:root:super init completed.
INFO:root:Account id = admin
WARNING:matplotlib.legend:No handles with labels found to put in legend.
DEBUG:matplotlib.font_manager:findfont: Matching :family=sans-serif:style=normal:variant=normal:weight=normal:stretch=normal:size=8.0 to DejaVu Sans ('c:\\users\\user\\documents\\python35\\lib\\site-packages\\matplotlib\\mpl-data\\fonts\\ttf\\DejaVuSans.ttf') with score of 0.050000
DEBUG:matplotlib.font_manager:findfont: Matching :family=sans-serif:style=normal:variant=normal:weight=normal:stretch=normal:size=8.33 to DejaVu Sans ('c:\\users\\user\\documents\\python35\\lib\\site-packages\\matplotlib\\mpl-data\\fonts\\ttf\\DejaVuSans.ttf') with score of 0.050000
INFO:root:app.mainloop() terminated.
INFO:root:datainsightsapp module initialized...
INFO:root:Deepcopy of header_reference_dict made.
INFO:root:Initializing app...
INFO:root:DataInsightsApp init started. 
INFO:root:super init completed.
INFO:root:Account id = admin
WARNING:matplotlib.legend:No handles with labels found to put in legend.
INFO:root:app.mainloop() terminated.
INFO:root:datainsightsapp module initialized...
INFO:root:Deepcopy of header_reference_dict made.
INFO:root:Initializing app...
INFO:root:DataInsightsApp init started. 
INFO:root:super init completed.
INFO:root:Account id = admin
WARNING:matplotlib.legend:No handles with labels found to put in legend.
INFO:root:app.mainloop() terminated.
INFO:root:datainsightsapp module initialized...
INFO:root:Deepcopy of header_reference_dict made.
INFO:root:Initializing app...
INFO:root:DataInsightsApp init started. 
INFO:root:super init completed.
INFO:root:Account id = admin
WARNING:matplotlib.legend:No handles with labels found to put in legend.
DEBUG:matplotlib.font_manager:findfont: Matching :family=sans-serif:style=normal:variant=normal:weight=normal:stretch=normal:size=10.0 to DejaVu Sans ('c:\\users\\user\\documents\\python35\\lib\\site-packages\\matplotlib\\mpl-data\\fonts\\ttf\\DejaVuSans.ttf') with score of 0.050000
DEBUG:matplotlib.font_manager:findfont: Matching :family=sans-serif:style=normal:variant=normal:weight=normal:stretch=normal:size=12.0 to DejaVu Sans ('c:\\users\\user\\documents\\python35\\lib\\site-packages\\matplotlib\\mpl-data\\fonts\\ttf\\DejaVuSans.ttf') with score of 0.050000
INFO:root:app.mainloop() terminated.
INFO:root:datainsightsapp module initialized...
INFO:root:Deepcopy of header_reference_dict made.
INFO:root:Initializing app...
INFO:root:DataInsightsApp init started. 
INFO:root:super init completed.
INFO:root:Account id = admin
WARNING:matplotlib.legend:No handles with labels found to put in legend.
DEBUG:matplotlib.font_manager:findfont: Matching :family=sans-serif:style=normal:variant=normal:weight=normal:stretch=normal:size=8.0 to DejaVu Sans ('c:\\users\\user\\documents\\python35\\lib\\site-packages\\matplotlib\\mpl-data\\fonts\\ttf\\DejaVuSans.ttf') with score of 0.050000
DEBUG:matplotlib.font_manager:findfont: Matching :family=sans-serif:style=normal:variant=normal:weight=normal:stretch=normal:size=8.33 to DejaVu Sans ('c:\\users\\user\\documents\\python35\\lib\\site-packages\\matplotlib\\mpl-data\\fonts\\ttf\\DejaVuSans.ttf') with score of 0.050000
INFO:root:app.mainloop() terminated.
INFO:root:datainsightsapp module initialized...
INFO:root:Deepcopy of header_reference_dict made.
INFO:root:Initializing app...
INFO:root:DataInsightsApp init started. 
INFO:root:super init completed.
INFO:root:Account id = admin
INFO:root:datainsightsapp module initialized...
INFO:root:Deepcopy of header_reference_dict made.
INFO:root:Initializing app...
INFO:root:DataInsightsApp init started. 
INFO:root:super init completed.
INFO:root:Account id = admin
INFO:root:datainsightsapp module initialized...
INFO:root:Deepcopy of header_reference_dict made.
INFO:root:Initializing app...
INFO:root:DataInsightsApp init started. 
INFO:root:super init completed.
INFO:root:Account id = admin
WARNING:matplotlib.legend:No handles with labels found to put in legend.
INFO:root:datainsightsapp module initialized...
INFO:root:Deepcopy of header_reference_dict made.
INFO:root:Initializing app...
INFO:root:DataInsightsApp init started. 
INFO:root:super init completed.
INFO:root:Account id = admin
WARNING:matplotlib.legend:No handles with labels found to put in legend.
DEBUG:matplotlib.font_manager:findfont: Matching :family=sans-serif:style=normal:variant=normal:weight=normal:stretch=normal:size=10.0 to DejaVu Sans ('c:\\users\\user\\documents\\python35\\lib\\site-packages\\matplotlib\\mpl-data\\fonts\\ttf\\DejaVuSans.ttf') with score of 0.050000
DEBUG:matplotlib.font_manager:findfont: Matching :family=sans-serif:style=normal:variant=normal:weight=normal:stretch=normal:size=12.0 to DejaVu Sans ('c:\\users\\user\\documents\\python35\\lib\\site-packages\\matplotlib\\mpl-data\\fonts\\ttf\\DejaVuSans.ttf') with score of 0.050000
INFO:root:app.mainloop() terminated.
INFO:root:datainsightsapp module initialized...
INFO:root:Deepcopy of header_reference_dict made.
INFO:root:Initializing app...
INFO:root:DataInsightsApp init started. 
INFO:root:super init completed.
INFO:root:Account id = admin
WARNING:matplotlib.legend:No handles with labels found to put in legend.
DEBUG:matplotlib.font_manager:findfont: Matching :family=sans-serif:style=normal:variant=normal:weight=normal:stretch=normal:size=8.0 to DejaVu Sans ('c:\\users\\user\\documents\\python35\\lib\\site-packages\\matplotlib\\mpl-data\\fonts\\ttf\\DejaVuSans.ttf') with score of 0.050000
DEBUG:matplotlib.font_manager:findfont: Matching :family=sans-serif:style=normal:variant=normal:weight=normal:stretch=normal:size=8.33 to DejaVu Sans ('c:\\users\\user\\documents\\python35\\lib\\site-packages\\matplotlib\\mpl-data\\fonts\\ttf\\DejaVuSans.ttf') with score of 0.050000
INFO:root:app.mainloop() terminated.
INFO:root:datainsightsapp module initialized...
INFO:root:Deepcopy of header_reference_dict made.
INFO:root:Initializing app...
INFO:root:DataInsightsApp init started. 
INFO:root:super init completed.
INFO:root:Account id = admin
WARNING:matplotlib.legend:No handles with labels found to put in legend.
INFO:root:app.mainloop() terminated.
INFO:root:datainsightsapp module initialized...
INFO:root:Deepcopy of header_reference_dict made.
INFO:root:Initializing app...
INFO:root:DataInsightsApp init started. 
INFO:root:super init completed.
INFO:root:Account id = admin
WARNING:matplotlib.legend:No handles with labels found to put in legend.
INFO:root:datainsightsapp module initialized...
INFO:root:Deepcopy of header_reference_dict made.
INFO:root:Initializing app...
INFO:root:DataInsightsApp init started. 
INFO:root:super init completed.
INFO:root:Account id = admin
WARNING:matplotlib.legend:No handles with labels found to put in legend.
DEBUG:matplotlib.font_manager:findfont: Matching :family=sans-serif:style=normal:variant=normal:weight=normal:stretch=normal:size=10.0 to DejaVu Sans ('c:\\users\\user\\documents\\python35\\lib\\site-packages\\matplotlib\\mpl-data\\fonts\\ttf\\DejaVuSans.ttf') with score of 0.050000
DEBUG:matplotlib.font_manager:findfont: Matching :family=sans-serif:style=normal:variant=normal:weight=normal:stretch=normal:size=12.0 to DejaVu Sans ('c:\\users\\user\\documents\\python35\\lib\\site-packages\\matplotlib\\mpl-data\\fonts\\ttf\\DejaVuSans.ttf') with score of 0.050000
DEBUG:matplotlib.font_manager:findfont: Matching :family=sans-serif:style=normal:variant=normal:weight=normal:stretch=normal:size=8.0 to DejaVu Sans ('c:\\users\\user\\documents\\python35\\lib\\site-packages\\matplotlib\\mpl-data\\fonts\\ttf\\DejaVuSans.ttf') with score of 0.050000
DEBUG:matplotlib.font_manager:findfont: Matching :family=sans-serif:style=normal:variant=normal:weight=normal:stretch=normal:size=8.33 to DejaVu Sans ('c:\\users\\user\\documents\\python35\\lib\\site-packages\\matplotlib\\mpl-data\\fonts\\ttf\\DejaVuSans.ttf') with score of 0.050000
INFO:root:app.mainloop() terminated.
INFO:root:datainsightsapp module initialized...
INFO:root:Deepcopy of header_reference_dict made.
INFO:root:Initializing app...
INFO:root:DataInsightsApp init started. 
INFO:root:super init completed.
INFO:root:Account id = admin
WARNING:matplotlib.legend:No handles with labels found to put in legend.
INFO:root:app.mainloop() terminated.
INFO:root:datainsightsapp module initialized...
INFO:root:Deepcopy of header_reference_dict made.
INFO:root:Initializing app...
INFO:root:DataInsightsApp init started. 
INFO:root:super init completed.
INFO:root:Account id = admin
WARNING:matplotlib.legend:No handles with labels found to put in legend.
INFO:root:app.mainloop() terminated.
INFO:root:datainsightsapp module initialized...
INFO:root:Deepcopy of header_reference_dict made.
INFO:root:Initializing app...
INFO:root:DataInsightsApp init started. 
INFO:root:super init completed.
INFO:root:Account id = admin
WARNING:matplotlib.legend:No handles with labels found to put in legend.
INFO:root:app.mainloop() terminated.
INFO:root:datainsightsapp module initialized...
INFO:root:Deepcopy of header_reference_dict made.
INFO:root:Initializing app...
INFO:root:DataInsightsApp init started. 
INFO:root:super init completed.
INFO:root:Account id = admin
WARNING:matplotlib.legend:No handles with labels found to put in legend.
INFO:root:app.mainloop() terminated.
INFO:root:datainsightsapp module initialized...
INFO:root:Deepcopy of header_reference_dict made.
INFO:root:Initializing app...
INFO:root:DataInsightsApp init started. 
INFO:root:super init completed.
INFO:root:Account id = admin
WARNING:matplotlib.legend:No handles with labels found to put in legend.
INFO:root:app.mainloop() terminated.
INFO:root:datainsightsapp module initialized...
INFO:root:Deepcopy of header_reference_dict made.
INFO:root:Initializing app...
INFO:root:DataInsightsApp init started. 
INFO:root:super init completed.
INFO:root:Account id = admin
WARNING:matplotlib.legend:No handles with labels found to put in legend.
INFO:root:app.mainloop() terminated.
INFO:root:datainsightsapp module initialized...
INFO:root:Deepcopy of header_reference_dict made.
INFO:root:Initializing app...
INFO:root:DataInsightsApp init started. 
INFO:root:super init completed.
INFO:root:Account id = admin
WARNING:matplotlib.legend:No handles with labels found to put in legend.
INFO:root:app.mainloop() terminated.
INFO:root:datainsightsapp module initialized...
INFO:root:Deepcopy of header_reference_dict made.
INFO:root:Initializing app...
INFO:root:DataInsightsApp init started. 
INFO:root:super init completed.
INFO:root:Account id = admin
WARNING:matplotlib.legend:No handles with labels found to put in legend.
INFO:root:app.mainloop() terminated.
INFO:root:datainsightsapp module initialized...
INFO:root:Deepcopy of header_reference_dict made.
INFO:root:Initializing app...
INFO:root:DataInsightsApp init started. 
INFO:root:super init completed.
INFO:root:Account id = admin
WARNING:matplotlib.legend:No handles with labels found to put in legend.
INFO:root:app.mainloop() terminated.
WARNING:matplotlib.legend:No handles with labels found to put in legend.
DEBUG:matplotlib.font_manager:findfont: Matching :family=sans-serif:style=normal:variant=normal:weight=normal:stretch=normal:size=8.0 to DejaVu Sans ('c:\\users\\user\\documents\\python35\\lib\\site-packages\\matplotlib\\mpl-data\\fonts\\ttf\\DejaVuSans.ttf') with score of 0.050000
DEBUG:matplotlib.font_manager:findfont: Matching :family=sans-serif:style=normal:variant=normal:weight=normal:stretch=normal:size=8.33 to DejaVu Sans ('c:\\users\\user\\documents\\python35\\lib\\site-packages\\matplotlib\\mpl-data\\fonts\\ttf\\DejaVuSans.ttf') with score of 0.050000
WARNING:matplotlib.legend:No handles with labels found to put in legend.
WARNING:matplotlib.legend:No handles with labels found to put in legend.
WARNING:matplotlib.legend:No handles with labels found to put in legend.
WARNING:matplotlib.legend:No handles with labels found to put in legend.
WARNING:matplotlib.legend:No handles with labels found to put in legend.
INFO:root:datainsightsapp module initialized...
INFO:root:Deepcopy of header_reference_dict made.
INFO:root:Initializing app...
INFO:root:DataInsightsApp init started. 
INFO:root:super init completed.
INFO:root:Account id = admin
WARNING:matplotlib.legend:No handles with labels found to put in legend.
INFO:root:app.mainloop() terminated.
WARNING:matplotlib.legend:No handles with labels found to put in legend.
WARNING:matplotlib.legend:No handles with labels found to put in legend.
WARNING:matplotlib.legend:No handles with labels found to put in legend.
WARNING:matplotlib.legend:No handles with labels found to put in legend.
WARNING:matplotlib.legend:No handles with labels found to put in legend.
WARNING:matplotlib.legend:No handles with labels found to put in legend.
WARNING:matplotlib.legend:No handles with labels found to put in legend.
WARNING:matplotlib.legend:No handles with labels found to put in legend.
WARNING:matplotlib.legend:No handles with labels found to put in legend.
WARNING:matplotlib.legend:No handles with labels found to put in legend.
WARNING:matplotlib.legend:No handles with labels found to put in legend.
WARNING:matplotlib.legend:No handles with labels found to put in legend.
WARNING:matplotlib.legend:No handles with labels found to put in legend.
WARNING:matplotlib.legend:No handles with labels found to put in legend.
WARNING:matplotlib.legend:No handles with labels found to put in legend.
WARNING:matplotlib.legend:No handles with labels found to put in legend.
WARNING:matplotlib.legend:No handles with labels found to put in legend.
WARNING:matplotlib.legend:No handles with labels found to put in legend.
WARNING:matplotlib.legend:No handles with labels found to put in legend.
WARNING:matplotlib.legend:No handles with labels found to put in legend.
WARNING:matplotlib.legend:No handles with labels found to put in legend.
WARNING:matplotlib.legend:No handles with labels found to put in legend.
WARNING:matplotlib.legend:No handles with labels found to put in legend.
WARNING:matplotlib.legend:No handles with labels found to put in legend.
WARNING:matplotlib.legend:No handles with labels found to put in legend.
WARNING:matplotlib.legend:No handles with labels found to put in legend.
WARNING:matplotlib.legend:No handles with labels found to put in legend.
WARNING:matplotlib.legend:No handles with labels found to put in legend.
WARNING:matplotlib.legend:No handles with labels found to put in legend.
WARNING:matplotlib.legend:No handles with labels found to put in legend.
WARNING:matplotlib.legend:No handles with labels found to put in legend.
WARNING:matplotlib.legend:No handles with labels found to put in legend.
WARNING:matplotlib.legend:No handles with labels found to put in legend.
WARNING:matplotlib.legend:No handles with labels found to put in legend.
WARNING:matplotlib.legend:No handles with labels found to put in legend.
WARNING:matplotlib.legend:No handles with labels found to put in legend.
WARNING:matplotlib.legend:No handles with labels found to put in legend.
WARNING:matplotlib.legend:No handles with labels found to put in legend.
WARNING:matplotlib.legend:No handles with labels found to put in legend.
WARNING:matplotlib.legend:No handles with labels found to put in legend.
WARNING:matplotlib.legend:No handles with labels found to put in legend.
WARNING:matplotlib.legend:No handles with labels found to put in legend.
WARNING:matplotlib.legend:No handles with labels found to put in legend.
WARNING:matplotlib.legend:No handles with labels found to put in legend.
WARNING:matplotlib.legend:No handles with labels found to put in legend.
WARNING:matplotlib.legend:No handles with labels found to put in legend.
WARNING:matplotlib.legend:No handles with labels found to put in legend.
WARNING:matplotlib.legend:No handles with labels found to put in legend.
WARNING:matplotlib.legend:No handles with labels found to put in legend.
WARNING:matplotlib.legend:No handles with labels found to put in legend.
WARNING:matplotlib.legend:No handles with labels found to put in legend.
WARNING:matplotlib.legend:No handles with labels found to put in legend.
WARNING:matplotlib.legend:No handles with labels found to put in legend.
INFO:root:datainsightsapp module initialized...
INFO:root:Deepcopy of header_reference_dict made.
INFO:root:Initializing app...
INFO:root:DataInsightsApp init started. 
INFO:root:super init completed.
INFO:root:Account id = admin
WARNING:matplotlib.legend:No handles with labels found to put in legend.
INFO:root:app.mainloop() terminated.
INFO:root:datainsightsapp module initialized...
INFO:root:Deepcopy of header_reference_dict made.
INFO:root:Initializing app...
INFO:root:DataInsightsApp init started. 
INFO:root:super init completed.
INFO:root:Account id = admin
WARNING:matplotlib.legend:No handles with labels found to put in legend.
INFO:root:app.mainloop() terminated.
